<?xml version="1.0" encoding="UTF-8"?>
<testsuite name="ru.stqa.edu.sandbox.PrimeTests" tests="2" skipped="0" failures="0" errors="0" timestamp="2019-12-03T21:37:37" hostname="Vadims-MacBook-Pro.local" time="0.014">
  <properties/>
  <testcase name="testNonPrimes" classname="ru.stqa.edu.sandbox.PrimeTests" time="0.008"/>
  <testcase name="testPrimes" classname="ru.stqa.edu.sandbox.PrimeTests" time="0.002"/>
  <system-out><![CDATA[]]></system-out>
  <system-err><![CDATA[]]></system-err>
</testsuite>
