<?xml version="1.0" encoding="UTF-8"?>
<testsuite name="ru.stqa.edu.sandbox.EquationTests" tests="6" skipped="0" failures="0" errors="0" timestamp="2019-12-01T15:16:46" hostname="Vadims-MacBook-Pro.local" time="0.053">
  <properties/>
  <testcase name="test0" classname="ru.stqa.edu.sandbox.EquationTests" time="0.008"/>
  <testcase name="test1" classname="ru.stqa.edu.sandbox.EquationTests" time="0.0"/>
  <testcase name="test2" classname="ru.stqa.edu.sandbox.EquationTests" time="0.0"/>
  <testcase name="testConstant" classname="ru.stqa.edu.sandbox.EquationTests" time="0.0"/>
  <testcase name="testLinear" classname="ru.stqa.edu.sandbox.EquationTests" time="0.0"/>
  <testcase name="testZero" classname="ru.stqa.edu.sandbox.EquationTests" time="0.0"/>
  <system-out><![CDATA[]]></system-out>
  <system-err><![CDATA[]]></system-err>
</testsuite>
