<?xml version="1.0" encoding="UTF-8"?>
<testsuite name="ru.stqa.edu.sandbox.PointTestPass" tests="1" skipped="0" failures="0" errors="0" timestamp="2019-11-22T13:31:24" hostname="Vadims-MacBook-Pro.local" time="0.01">
  <properties/>
  <testcase name="testPassPoint" classname="ru.stqa.edu.sandbox.PointTestPass" time="0.01"/>
  <system-out><![CDATA[]]></system-out>
  <system-err><![CDATA[]]></system-err>
</testsuite>
