<?xml version="1.0" encoding="UTF-8"?>
<testsuite name="ru.stqa.pft.mantis.tests.PasswordTests" tests="1" skipped="0" failures="0" errors="0" timestamp="2019-12-18T01:05:13" hostname="Vadims-MacBook-Pro.local" time="12.485">
  <properties/>
  <testcase name="testChangePassword" classname="ru.stqa.pft.mantis.tests.PasswordTests" time="12.485"/>
  <system-out><![CDATA[04:05:13.165 [Test worker] INFO  o.subethamail.smtp.server.SMTPServer - SMTP server *:25 starting
04:05:13.176 [org.subethamail.smtp.server.ServerThread *:25] INFO  o.s.smtp.server.ServerThread - SMTP server *:25 started
04:05:13.332 [Test worker] INFO  org.hibernate.Version - HHH000412: Hibernate Core {5.4.10.Final}
04:05:13.847 [Test worker] INFO  o.h.annotations.common.Version - HCANN000001: Hibernate Commons Annotations {5.1.0.Final}
04:05:14.070 [Test worker] WARN  o.hibernate.orm.connections.pooling - HHH10001002: Using Hibernate built-in connection pool (not for production use!)
04:05:14.076 [Test worker] INFO  o.hibernate.orm.connections.pooling - HHH10001005: using driver [com.mysql.cj.jdbc.Driver] at URL [jdbc:mysql://localhost/bugtracker?serverTimezone=UTC]
04:05:14.076 [Test worker] INFO  o.hibernate.orm.connections.pooling - HHH10001001: Connection properties: {user=root, password=}
04:05:14.077 [Test worker] INFO  o.hibernate.orm.connections.pooling - HHH10001003: Autocommit mode: false
04:05:14.080 [Test worker] INFO  o.h.e.j.c.i.DriverManagerConnectionProviderImpl - HHH000115: Hibernate connection pool size: 1 (min=1)
04:05:14.294 [Test worker] INFO  org.hibernate.dialect.Dialect - HHH000400: Using dialect: org.hibernate.dialect.MySQLDialect
04:05:15.340 [Test worker] INFO  org.hibernate.orm.connections.access - HHH10001501: Connection obtained from JdbcConnectionAccess [org.hibernate.engine.jdbc.env.internal.JdbcEnvironmentInitiator$ConnectionProviderJdbcConnectionAccess@516c92bd] for (non-JTA) DDL execution was not in auto-commit mode; the Connection 'local transaction' will be committed and the Connection will be set into auto-commit mode.
04:05:15.519 [Test worker] INFO  o.h.e.t.j.p.i.JtaPlatformInitiator - HHH000490: Using JtaPlatform implementation: [org.hibernate.engine.transaction.jta.platform.internal.NoJtaPlatform]
Hibernate: select userdata0_.id as id1_0_, userdata0_.access_level as access_l2_0_, userdata0_.email as email3_0_, userdata0_.username as username4_0_ from mantis_user_mantis userdata0_
04:05:25.666 [Test worker] INFO  o.subethamail.smtp.server.SMTPServer - SMTP server *:25 stopping
04:05:25.667 [org.subethamail.smtp.server.ServerThread *:25] INFO  o.s.smtp.server.ServerThread - SMTP server *:25 stopped
]]></system-out>
  <system-err><![CDATA[Starting ChromeDriver 78.0.3904.105 (60e2d8774a8151efa6a00b1f358371b1e0e07ee2-refs/branch-heads/3904@{#877}) on port 18963
Only local connections are allowed.
Please protect ports used by ChromeDriver and related test frameworks to prevent access by malicious code.
[1576631118.641][WARNING]: This version of ChromeDriver has not been tested with Chrome version 79.
[1576631118.694][WARNING]: This version of ChromeDriver has not been tested with Chrome version 79.
Dec 18, 2019 4:05:18 AM org.openqa.selenium.remote.ProtocolHandshake createSession
INFO: Detected dialect: W3C
]]></system-err>
</testsuite>
