<?xml version="1.0" encoding="UTF-8"?>
<testsuite name="ru.stqa.pft.mantis.tests.RegistrationTests" tests="1" skipped="0" failures="0" errors="0" timestamp="2019-12-17T23:28:32" hostname="Vadims-MacBook-Pro.local" time="10.48">
  <properties/>
  <testcase name="testRegistration" classname="ru.stqa.pft.mantis.tests.RegistrationTests" time="10.48"/>
  <system-out><![CDATA[02:28:32.162 [Test worker] DEBUG org.subethamail.smtp.server.CommandHandler - Added command: AUTH
02:28:32.168 [Test worker] DEBUG org.subethamail.smtp.server.CommandHandler - Added command: DATA
02:28:32.168 [Test worker] DEBUG org.subethamail.smtp.server.CommandHandler - Added command: EHLO
02:28:32.168 [Test worker] DEBUG org.subethamail.smtp.server.CommandHandler - Added command: HELO
02:28:32.169 [Test worker] DEBUG org.subethamail.smtp.server.CommandHandler - Added command: HELP
02:28:32.169 [Test worker] DEBUG org.subethamail.smtp.server.CommandHandler - Added command: MAIL
02:28:32.169 [Test worker] DEBUG org.subethamail.smtp.server.CommandHandler - Added command: NOOP
02:28:32.169 [Test worker] DEBUG org.subethamail.smtp.server.CommandHandler - Added command: QUIT
02:28:32.170 [Test worker] DEBUG org.subethamail.smtp.server.CommandHandler - Added command: RCPT
02:28:32.170 [Test worker] DEBUG org.subethamail.smtp.server.CommandHandler - Added command: RSET
02:28:32.170 [Test worker] DEBUG org.subethamail.smtp.server.CommandHandler - Added command: STARTTLS
02:28:32.170 [Test worker] DEBUG org.subethamail.smtp.server.CommandHandler - Added command: VRFY
02:28:32.171 [Test worker] INFO org.subethamail.smtp.server.SMTPServer - SMTP server *:25 starting
02:28:32.186 [org.subethamail.smtp.server.ServerThread *:25] INFO org.subethamail.smtp.server.ServerThread - SMTP server *:25 started
02:28:39.691 [org.subethamail.smtp.server.Session-/0:0:0:0:0:0:0:1:62774] DEBUG org.subethamail.smtp.server.Session - SMTP connection from localhost/0:0:0:0:0:0:0:1, new connection count: 1
02:28:39.692 [org.subethamail.smtp.server.Session-/0:0:0:0:0:0:0:1:62774] DEBUG org.subethamail.smtp.server.Session - Server: 220 192.168.88.13 ESMTP SubEthaSMTP 3.1.7
02:28:39.708 [org.subethamail.smtp.server.Session-/0:0:0:0:0:0:0:1:62774] DEBUG org.subethamail.smtp.server.Session - Client: EHLO localhost
02:28:39.708 [org.subethamail.smtp.server.Session-/0:0:0:0:0:0:0:1:62774] DEBUG org.subethamail.smtp.server.Session - Server: 250-192.168.88.13
250-8BITMIME
250 Ok
02:28:39.712 [org.subethamail.smtp.server.Session-/0:0:0:0:0:0:0:1:62774] DEBUG org.subethamail.smtp.server.Session - Client: MAIL FROM:<admin@example.com>
02:28:39.729 [org.subethamail.smtp.server.Session-/0:0:0:0:0:0:0:1:62774] DEBUG org.subethamail.smtp.server.Session - Server: 250 Ok
02:28:39.733 [org.subethamail.smtp.server.Session-/0:0:0:0:0:0:0:1:62774] DEBUG org.subethamail.smtp.server.Session - Client: RCPT TO:<user1576625312189@localhost.localdomain>
02:28:39.733 [org.subethamail.smtp.server.Session-/0:0:0:0:0:0:0:1:62774] DEBUG org.subethamail.wiser.Wiser - Accepting mail from admin@example.com to user1576625312189@localhost.localdomain
02:28:39.734 [org.subethamail.smtp.server.Session-/0:0:0:0:0:0:0:1:62774] DEBUG org.subethamail.smtp.server.Session - Server: 250 Ok
02:28:39.735 [org.subethamail.smtp.server.Session-/0:0:0:0:0:0:0:1:62774] DEBUG org.subethamail.smtp.server.Session - Client: DATA
02:28:39.737 [org.subethamail.smtp.server.Session-/0:0:0:0:0:0:0:1:62774] DEBUG org.subethamail.smtp.server.Session - Server: 354 End data with <CR><LF>.<CR><LF>
02:28:39.756 [org.subethamail.smtp.server.Session-/0:0:0:0:0:0:0:1:62774] DEBUG org.subethamail.wiser.Wiser - Delivering mail from admin@example.com to user1576625312189@localhost.localdomain
02:28:39.767 [org.subethamail.smtp.server.Session-/0:0:0:0:0:0:0:1:62774] DEBUG org.subethamail.wiser.Wiser - Creating message from data with 1231 bytes
02:28:39.769 [org.subethamail.smtp.server.Session-/0:0:0:0:0:0:0:1:62774] DEBUG org.subethamail.smtp.server.Session - Server: 250 Ok
02:28:39.826 [org.subethamail.smtp.server.Session-/0:0:0:0:0:0:0:1:62774] DEBUG org.subethamail.smtp.server.Session - Client: RSET
02:28:39.826 [org.subethamail.smtp.server.Session-/0:0:0:0:0:0:0:1:62774] DEBUG org.subethamail.smtp.server.Session - Server: 250 Ok
02:28:39.862 [org.subethamail.smtp.server.Session-/0:0:0:0:0:0:0:1:62774] DEBUG org.subethamail.smtp.server.Session - Client: QUIT
02:28:39.862 [org.subethamail.smtp.server.Session-/0:0:0:0:0:0:0:1:62774] DEBUG org.subethamail.smtp.server.Session - Server: 221 Bye
02:28:39.874 [org.subethamail.smtp.server.Session-/0:0:0:0:0:0:0:1:62775] DEBUG org.subethamail.smtp.server.Session - SMTP connection from localhost/0:0:0:0:0:0:0:1, new connection count: 1
02:28:39.877 [org.subethamail.smtp.server.Session-/0:0:0:0:0:0:0:1:62775] DEBUG org.subethamail.smtp.server.Session - Server: 220 192.168.88.13 ESMTP SubEthaSMTP 3.1.7
02:28:39.879 [org.subethamail.smtp.server.Session-/0:0:0:0:0:0:0:1:62775] DEBUG org.subethamail.smtp.server.Session - Client: EHLO localhost
02:28:39.879 [org.subethamail.smtp.server.Session-/0:0:0:0:0:0:0:1:62775] DEBUG org.subethamail.smtp.server.Session - Server: 250-192.168.88.13
250-8BITMIME
250 Ok
02:28:39.885 [org.subethamail.smtp.server.Session-/0:0:0:0:0:0:0:1:62775] DEBUG org.subethamail.smtp.server.Session - Client: MAIL FROM:<admin@example.com>
02:28:39.885 [org.subethamail.smtp.server.Session-/0:0:0:0:0:0:0:1:62775] DEBUG org.subethamail.smtp.server.Session - Server: 250 Ok
02:28:39.892 [org.subethamail.smtp.server.Session-/0:0:0:0:0:0:0:1:62775] DEBUG org.subethamail.smtp.server.Session - Client: RCPT TO:<root@localhost>
02:28:39.893 [org.subethamail.smtp.server.Session-/0:0:0:0:0:0:0:1:62775] DEBUG org.subethamail.wiser.Wiser - Accepting mail from admin@example.com to root@localhost
02:28:39.893 [org.subethamail.smtp.server.Session-/0:0:0:0:0:0:0:1:62775] DEBUG org.subethamail.smtp.server.Session - Server: 250 Ok
02:28:39.900 [org.subethamail.smtp.server.Session-/0:0:0:0:0:0:0:1:62775] DEBUG org.subethamail.smtp.server.Session - Client: DATA
02:28:39.901 [org.subethamail.smtp.server.Session-/0:0:0:0:0:0:0:1:62775] DEBUG org.subethamail.smtp.server.Session - Server: 354 End data with <CR><LF>.<CR><LF>
02:28:39.907 [org.subethamail.smtp.server.Session-/0:0:0:0:0:0:0:1:62775] DEBUG org.subethamail.wiser.Wiser - Delivering mail from admin@example.com to root@localhost
02:28:39.910 [org.subethamail.smtp.server.Session-/0:0:0:0:0:0:0:1:62775] DEBUG org.subethamail.wiser.Wiser - Creating message from data with 879 bytes
02:28:39.910 [org.subethamail.smtp.server.Session-/0:0:0:0:0:0:0:1:62775] DEBUG org.subethamail.smtp.server.Session - Server: 250 Ok
02:28:39.915 [org.subethamail.smtp.server.Session-/0:0:0:0:0:0:0:1:62775] DEBUG org.subethamail.smtp.server.Session - Client: RSET
02:28:39.917 [org.subethamail.smtp.server.Session-/0:0:0:0:0:0:0:1:62775] DEBUG org.subethamail.smtp.server.Session - Server: 250 Ok
02:28:39.924 [org.subethamail.smtp.server.Session-/0:0:0:0:0:0:0:1:62775] DEBUG org.subethamail.smtp.server.Session - Client: QUIT
02:28:39.925 [org.subethamail.smtp.server.Session-/0:0:0:0:0:0:0:1:62775] DEBUG org.subethamail.smtp.server.Session - Server: 221 Bye
02:28:42.672 [Test worker] INFO org.subethamail.smtp.server.SMTPServer - SMTP server *:25 stopping
02:28:42.672 [Test worker] DEBUG org.subethamail.smtp.server.ServerThread - SMTP Server socket shut down
02:28:42.673 [org.subethamail.smtp.server.ServerThread *:25] INFO org.subethamail.smtp.server.ServerThread - SMTP server *:25 stopped
]]></system-out>
  <system-err><![CDATA[Starting ChromeDriver 78.0.3904.105 (60e2d8774a8151efa6a00b1f358371b1e0e07ee2-refs/branch-heads/3904@{#877}) on port 21066
Only local connections are allowed.
Please protect ports used by ChromeDriver and related test frameworks to prevent access by malicious code.
[1576625315.582][WARNING]: This version of ChromeDriver has not been tested with Chrome version 79.
[1576625315.676][WARNING]: This version of ChromeDriver has not been tested with Chrome version 79.
Dec 18, 2019 2:28:35 AM org.openqa.selenium.remote.ProtocolHandshake createSession
INFO: Detected dialect: W3C
]]></system-err>
</testsuite>
