<?xml version="1.0" encoding="UTF-8"?>
<testsuite name="ru.stqa.pft.mantis.tests.LoginTests" tests="1" skipped="0" failures="0" errors="0" timestamp="2019-12-17T19:49:59" hostname="Vadims-MacBook-Pro.local" time="0.674">
  <properties/>
  <testcase name="testLogin" classname="ru.stqa.pft.mantis.tests.LoginTests" time="0.674"/>
  <system-out><![CDATA[]]></system-out>
  <system-err><![CDATA[]]></system-err>
</testsuite>
