<?xml version="1.0" encoding="UTF-8"?>
<testsuite name="ru.stqa.pft.rest.RestTests" tests="1" skipped="1" failures="0" errors="0" timestamp="2019-12-19T00:07:48" hostname="Vadims-MacBook-Pro.local" time="0.735">
  <properties/>
  <testcase name="testCreateIssue" classname="ru.stqa.pft.rest.RestTests" time="0.735">
    <skipped/>
  </testcase>
  <system-out><![CDATA[Issue status = "Open"
]]></system-out>
  <system-err><![CDATA[]]></system-err>
</testsuite>
