<?xml version="1.0" encoding="UTF-8"?>
<testsuite name="ru.stqa.pft.addressbook.tests.GroupDeletionTests" tests="1" skipped="0" failures="0" errors="0" timestamp="2019-12-17T14:22:46" hostname="Vadims-MacBook-Pro.local" time="0.664">
  <properties/>
  <testcase name="testGroupDeletion" classname="ru.stqa.pft.addressbook.tests.GroupDeletionTests" time="0.664"/>
  <system-out><![CDATA[17:22:46.200 [Test worker] INFO  r.s.pft.addressbook.tests.TestBase - Start test testGroupDeletion with parameters []
Hibernate: select groupdata0_.group_id as group_id1_2_, groupdata0_.group_footer as group_fo2_2_, groupdata0_.group_header as group_he3_2_, groupdata0_.group_name as group_na4_2_ from group_list groupdata0_
Hibernate: select groupdata0_.group_id as group_id1_2_, groupdata0_.group_footer as group_fo2_2_, groupdata0_.group_header as group_he3_2_, groupdata0_.group_name as group_na4_2_ from group_list groupdata0_
Hibernate: select groupdata0_.group_id as group_id1_2_, groupdata0_.group_footer as group_fo2_2_, groupdata0_.group_header as group_he3_2_, groupdata0_.group_name as group_na4_2_ from group_list groupdata0_
17:22:46.888 [Test worker] INFO  r.s.pft.addressbook.tests.TestBase - Stop test testGroupDeletion with parameters []
]]></system-out>
  <system-err><![CDATA[]]></system-err>
</testsuite>
