<?xml version="1.0" encoding="UTF-8"?>
<testsuite name="ru.stqa.pft.addressbook.tests.GroupCreationTests" tests="3" skipped="0" failures="0" errors="0" timestamp="2019-12-17T14:22:42" hostname="Vadims-MacBook-Pro.local" time="4.036">
  <properties/>
  <testcase name="testGroupCreation[0](GroupData{id='2147483647', name='test 0'})" classname="ru.stqa.pft.addressbook.tests.GroupCreationTests" time="1.418"/>
  <testcase name="testGroupCreation[1](GroupData{id='2147483647', name='test 1'})" classname="ru.stqa.pft.addressbook.tests.GroupCreationTests" time="1.321"/>
  <testcase name="testGroupCreation[2](GroupData{id='2147483647', name='test 2'})" classname="ru.stqa.pft.addressbook.tests.GroupCreationTests" time="1.287"/>
  <system-out><![CDATA[17:22:42.160 [Test worker] INFO  r.s.pft.addressbook.tests.TestBase - Start test testGroupCreation with parameters [GroupData{id='2147483647', name='test 0'}]
Hibernate: select groupdata0_.group_id as group_id1_2_, groupdata0_.group_footer as group_fo2_2_, groupdata0_.group_header as group_he3_2_, groupdata0_.group_name as group_na4_2_ from group_list groupdata0_
Hibernate: select groupdata0_.group_id as group_id1_2_, groupdata0_.group_footer as group_fo2_2_, groupdata0_.group_header as group_he3_2_, groupdata0_.group_name as group_na4_2_ from group_list groupdata0_
17:22:43.581 [Test worker] INFO  r.s.pft.addressbook.tests.TestBase - Stop test testGroupCreation with parameters [GroupData{id='95', name='test 0'}]
17:22:43.585 [Test worker] INFO  r.s.pft.addressbook.tests.TestBase - Start test testGroupCreation with parameters [GroupData{id='2147483647', name='test 1'}]
Hibernate: select groupdata0_.group_id as group_id1_2_, groupdata0_.group_footer as group_fo2_2_, groupdata0_.group_header as group_he3_2_, groupdata0_.group_name as group_na4_2_ from group_list groupdata0_
Hibernate: select groupdata0_.group_id as group_id1_2_, groupdata0_.group_footer as group_fo2_2_, groupdata0_.group_header as group_he3_2_, groupdata0_.group_name as group_na4_2_ from group_list groupdata0_
17:22:44.907 [Test worker] INFO  r.s.pft.addressbook.tests.TestBase - Stop test testGroupCreation with parameters [GroupData{id='96', name='test 1'}]
17:22:44.908 [Test worker] INFO  r.s.pft.addressbook.tests.TestBase - Start test testGroupCreation with parameters [GroupData{id='2147483647', name='test 2'}]
Hibernate: select groupdata0_.group_id as group_id1_2_, groupdata0_.group_footer as group_fo2_2_, groupdata0_.group_header as group_he3_2_, groupdata0_.group_name as group_na4_2_ from group_list groupdata0_
Hibernate: select groupdata0_.group_id as group_id1_2_, groupdata0_.group_footer as group_fo2_2_, groupdata0_.group_header as group_he3_2_, groupdata0_.group_name as group_na4_2_ from group_list groupdata0_
17:22:46.197 [Test worker] INFO  r.s.pft.addressbook.tests.TestBase - Stop test testGroupCreation with parameters [GroupData{id='97', name='test 2'}]
]]></system-out>
  <system-err><![CDATA[]]></system-err>
</testsuite>
