<?xml version="1.0" encoding="UTF-8"?>
<testsuite name="ru.stqa.pft.addressbook.tests.ContactModificationTests" tests="1" skipped="0" failures="0" errors="0" timestamp="2019-12-07T12:22:34" hostname="Vadims-MacBook-Pro.local" time="2.441">
  <properties/>
  <testcase name="testsContactModification" classname="ru.stqa.pft.addressbook.tests.ContactModificationTests" time="2.441"/>
  <system-out><![CDATA[]]></system-out>
  <system-err><![CDATA[]]></system-err>
</testsuite>
