<?xml version="1.0" encoding="UTF-8"?>
<testsuite name="com.example.tests.ContactCreationTests" tests="1" skipped="0" failures="0" errors="0" timestamp="2019-11-27T12:01:48" hostname="Vadims-MacBook-Pro.local" time="2.035">
  <properties/>
  <testcase name="testContactCreation" classname="com.example.tests.ContactCreationTests" time="2.035"/>
  <system-out><![CDATA[]]></system-out>
  <system-err><![CDATA[Starting ChromeDriver 78.0.3904.105 (60e2d8774a8151efa6a00b1f358371b1e0e07ee2-refs/branch-heads/3904@{#877}) on port 15388
Only local connections are allowed.
Please protect ports used by ChromeDriver and related test frameworks to prevent access by malicious code.
Nov 27, 2019 3:01:47 PM org.openqa.selenium.remote.ProtocolHandshake createSession
INFO: Detected dialect: W3C
]]></system-err>
</testsuite>
