<?xml version="1.0" encoding="UTF-8"?>
<testsuite name="ru.stqa.pft.addressbook.tests.GroupDeletionTests" tests="1" skipped="0" failures="0" errors="0" timestamp="2019-12-14T16:43:08" hostname="Vadims-MacBook-Pro.local" time="1.532">
  <properties/>
  <testcase name="testGroupDeletion" classname="ru.stqa.pft.addressbook.tests.GroupDeletionTests" time="1.532"/>
  <system-out><![CDATA[19:43:07.563 [Test worker] INFO  r.s.pft.addressbook.tests.TestBase - Start test testGroupDeletion
19:43:10.491 [Test worker] INFO  r.s.pft.addressbook.tests.TestBase - Stop test testGroupDeletion
]]></system-out>
  <system-err><![CDATA[]]></system-err>
</testsuite>
