<?xml version="1.0" encoding="UTF-8"?>
<testsuite name="ru.stqa.pft.addressbook.tests.ContactPhoneTests" tests="1" skipped="0" failures="0" errors="0" timestamp="2019-12-17T14:22:41" hostname="Vadims-MacBook-Pro.local" time="0.611">
  <properties/>
  <testcase name="testContactPhones" classname="ru.stqa.pft.addressbook.tests.ContactPhoneTests" time="0.611"/>
  <system-out><![CDATA[17:22:40.457 [Test worker] INFO  r.s.pft.addressbook.tests.TestBase - Start test testContactPhones with parameters []
17:22:42.136 [Test worker] INFO  r.s.pft.addressbook.tests.TestBase - Stop test testContactPhones with parameters []
]]></system-out>
  <system-err><![CDATA[]]></system-err>
</testsuite>
