<?xml version="1.0" encoding="UTF-8"?>
<testsuite name="ru.pft.stqa.soap.GeoIpServiceTests" tests="1" skipped="0" failures="0" errors="0" timestamp="2019-12-18T14:54:34" hostname="Vadims-MacBook-Pro.local" time="37.439">
  <properties/>
  <testcase name="testMyIp" classname="ru.pft.stqa.soap.GeoIpServiceTests" time="37.439"/>
  <system-out><![CDATA[]]></system-out>
  <system-err><![CDATA[]]></system-err>
</testsuite>
